<?xml version="1.0" encoding="UTF-8"?>
<!-- Generated by org.testng.reporters.JUnitReportReporter -->
<testsuite hostname="Desktop-AIO" failures="0" tests="6" name="testRunner.TestRunner" time="15.145" errors="0" timestamp="2023-05-21T20:02:03 EDT" skipped="0">
  <testcase classname="testRunner.TestRunner" name="runScenario" time="0.377"/>
  <system-out/>
  <testcase classname="testRunner.TestRunner" name="runScenario" time="1.619"/>
  <system-out/>
  <testcase classname="testRunner.TestRunner" name="runScenario" time="0.349"/>
  <system-out/>
  <testcase classname="testRunner.TestRunner" name="runScenario" time="0.261"/>
  <system-out/>
  <testcase classname="testRunner.TestRunner" name="runScenario" time="4.068"/>
  <system-out/>
  <testcase classname="testRunner.TestRunner" name="runScenario" time="8.471"/>
  <system-out/>
</testsuite> <!-- testRunner.TestRunner -->
